This file contains any messages produced by compilers while
running configure, to aid debugging if configure makes a mistake.

It was created by Copter configure 0.8.7, which was
generated by GNU Autoconf 2.67.  Invocation command line was

  $ ./configure --prefix=/remote/pi213c/casas/EFTCAMB/cosmomathica-tests/cosmomathica/ext/copter-0.8.7

## --------- ##
## Platform. ##
## --------- ##

hostname = pi213c
uname -m = x86_64
uname -r = 3.16.0-4-amd64
uname -s = Linux
uname -v = #1 SMP Debian 3.16.7-ckt11-1+deb8u6 (2015-11-09)

/usr/bin/uname -p = unknown
/bin/uname -X     = unknown

/bin/arch              = unknown
/usr/bin/arch -k       = unknown
/usr/convex/getsysinfo = unknown
/usr/bin/hostinfo      = unknown
/bin/machine           = unknown
/usr/bin/oslevel       = unknown
/bin/universe          = unknown

PATH: /scratch/casas/Canopy/Enthought/User/bin
PATH: /usr/local/bin
PATH: /usr/bin
PATH: /bin
PATH: /usr/local/games
PATH: /usr/games
PATH: /opt/bin
PATH: /remote/pi213c/casas/usr/bin


## ----------- ##
## Core tests. ##
## ----------- ##

configure:2526: checking for a BSD-compatible install
configure:2594: result: /usr/bin/install -c
configure:2605: checking whether build environment is sane
configure:2655: result: yes
configure:2796: checking for a thread-safe mkdir -p
configure:2835: result: /bin/mkdir -p
configure:2848: checking for gawk
configure:2864: found /usr/bin/gawk
configure:2875: result: gawk
configure:2886: checking whether make sets $(MAKE)
configure:2908: result: yes
configure:2989: checking whether to enable maintainer-specific portions of Makefiles
configure:2998: result: no
configure:3041: checking build system type
configure:3055: result: x86_64-unknown-linux-gnu
configure:3075: checking host system type
configure:3088: result: x86_64-unknown-linux-gnu
configure:3129: checking how to print strings
configure:3156: result: printf
configure:3189: checking for style of include used by make
configure:3217: result: GNU
configure:3287: checking for gcc
configure:3303: found /usr/bin/gcc
configure:3314: result: gcc
configure:3543: checking for C compiler version
configure:3552: gcc --version >&5
gcc (Debian 4.9.2-10) 4.9.2
Copyright (C) 2014 Free Software Foundation, Inc.
This is free software; see the source for copying conditions.  There is NO
warranty; not even for MERCHANTABILITY or FITNESS FOR A PARTICULAR PURPOSE.

configure:3563: $? = 0
configure:3552: gcc -v >&5
Using built-in specs.
COLLECT_GCC=gcc
COLLECT_LTO_WRAPPER=/usr/lib/gcc/x86_64-linux-gnu/4.9/lto-wrapper
Target: x86_64-linux-gnu
Configured with: ../src/configure -v --with-pkgversion='Debian 4.9.2-10' --with-bugurl=file:///usr/share/doc/gcc-4.9/README.Bugs --enable-languages=c,c++,java,go,d,fortran,objc,obj-c++ --prefix=/usr --program-suffix=-4.9 --enable-shared --enable-linker-build-id --libexecdir=/usr/lib --without-included-gettext --enable-threads=posix --with-gxx-include-dir=/usr/include/c++/4.9 --libdir=/usr/lib --enable-nls --with-sysroot=/ --enable-clocale=gnu --enable-libstdcxx-debug --enable-libstdcxx-time=yes --enable-gnu-unique-object --disable-vtable-verify --enable-plugin --with-system-zlib --disable-browser-plugin --enable-java-awt=gtk --enable-gtk-cairo --with-java-home=/usr/lib/jvm/java-1.5.0-gcj-4.9-amd64/jre --enable-java-home --with-jvm-root-dir=/usr/lib/jvm/java-1.5.0-gcj-4.9-amd64 --with-jvm-jar-dir=/usr/lib/jvm-exports/java-1.5.0-gcj-4.9-amd64 --with-arch-directory=amd64 --with-ecj-jar=/usr/share/java/eclipse-ecj.jar --enable-objc-gc --enable-multiarch --with-arch-32=i586 --with-abi=m64 --with-multilib-list=m32,m64,mx32 --enable-multilib --with-tune=generic --enable-checking=release --build=x86_64-linux-gnu --host=x86_64-linux-gnu --target=x86_64-linux-gnu
Thread model: posix
gcc version 4.9.2 (Debian 4.9.2-10) 
configure:3563: $? = 0
configure:3552: gcc -V >&5
gcc: error: unrecognized command line option '-V'
gcc: fatal error: no input files
compilation terminated.
configure:3563: $? = 4
configure:3552: gcc -qversion >&5
gcc: error: unrecognized command line option '-qversion'
gcc: fatal error: no input files
compilation terminated.
configure:3563: $? = 4
configure:3583: checking whether the C compiler works
configure:3605: gcc    conftest.c  >&5
configure:3609: $? = 0
configure:3657: result: yes
configure:3660: checking for C compiler default output file name
configure:3662: result: a.out
configure:3668: checking for suffix of executables
configure:3675: gcc -o conftest    conftest.c  >&5
configure:3679: $? = 0
configure:3701: result: 
configure:3723: checking whether we are cross compiling
configure:3731: gcc -o conftest    conftest.c  >&5
configure:3735: $? = 0
configure:3742: ./conftest
configure:3746: $? = 0
configure:3761: result: no
configure:3766: checking for suffix of object files
configure:3788: gcc -c   conftest.c >&5
configure:3792: $? = 0
configure:3813: result: o
configure:3817: checking whether we are using the GNU C compiler
configure:3836: gcc -c   conftest.c >&5
configure:3836: $? = 0
configure:3845: result: yes
configure:3854: checking whether gcc accepts -g
configure:3874: gcc -c -g  conftest.c >&5
configure:3874: $? = 0
configure:3915: result: yes
configure:3932: checking for gcc option to accept ISO C89
configure:3996: gcc  -c -g -O2  conftest.c >&5
configure:3996: $? = 0
configure:4009: result: none needed
configure:4031: checking dependency style of gcc
configure:4141: result: gcc3
configure:4156: checking for a sed that does not truncate output
configure:4220: result: /bin/sed
configure:4238: checking for grep that handles long lines and -e
configure:4296: result: /bin/grep
configure:4301: checking for egrep
configure:4363: result: /bin/grep -E
configure:4368: checking for fgrep
configure:4430: result: /bin/grep -F
configure:4465: checking for ld used by gcc
configure:4532: result: /usr/bin/ld
configure:4539: checking if the linker (/usr/bin/ld) is GNU ld
configure:4554: result: yes
configure:4566: checking for BSD- or MS-compatible name lister (nm)
configure:4615: result: /usr/bin/nm -B
configure:4745: checking the name lister (/usr/bin/nm -B) interface
configure:4752: gcc -c -g -O2  conftest.c >&5
configure:4755: /usr/bin/nm -B "conftest.o"
configure:4758: output
0000000000000000 B some_variable
configure:4765: result: BSD nm
configure:4768: checking whether ln -s works
configure:4772: result: yes
configure:4780: checking the maximum length of command line arguments
configure:4905: result: 1572864
configure:4922: checking whether the shell understands some XSI constructs
configure:4932: result: yes
configure:4936: checking whether the shell understands "+="
configure:4942: result: yes
configure:4977: checking how to convert x86_64-unknown-linux-gnu file names to x86_64-unknown-linux-gnu format
configure:5017: result: func_convert_file_noop
configure:5024: checking how to convert x86_64-unknown-linux-gnu file names to toolchain format
configure:5044: result: func_convert_file_noop
configure:5051: checking for /usr/bin/ld option to reload object files
configure:5058: result: -r
configure:5132: checking for objdump
configure:5148: found /usr/bin/objdump
configure:5159: result: objdump
configure:5191: checking how to recognize dependent libraries
configure:5393: result: pass_all
configure:5478: checking for dlltool
configure:5508: result: no
configure:5538: checking how to associate runtime and link libraries
configure:5565: result: printf %s\n
configure:5626: checking for ar
configure:5642: found /usr/bin/ar
configure:5653: result: ar
configure:5690: checking for archiver @FILE support
configure:5707: gcc -c -g -O2  conftest.c >&5
configure:5707: $? = 0
configure:5710: ar cru libconftest.a @conftest.lst >&5
configure:5713: $? = 0
configure:5718: ar cru libconftest.a @conftest.lst >&5
ar: conftest.o: No such file or directory
configure:5721: $? = 1
configure:5733: result: @
configure:5791: checking for strip
configure:5807: found /usr/bin/strip
configure:5818: result: strip
configure:5890: checking for ranlib
configure:5906: found /usr/bin/ranlib
configure:5917: result: ranlib
configure:6019: checking command to parse /usr/bin/nm -B output from gcc object
configure:6138: gcc -c -g -O2  conftest.c >&5
configure:6141: $? = 0
configure:6145: /usr/bin/nm -B conftest.o \| sed -n -e 's/^.*[ ]\([ABCDGIRSTW][ABCDGIRSTW]*\)[ ][ ]*\([_A-Za-z][_A-Za-z0-9]*\)$/\1 \2 \2/p' | sed '/ __gnu_lto/d' \> conftest.nm
configure:6148: $? = 0
configure:6214: gcc -o conftest -g -O2   conftest.c conftstm.o >&5
configure:6217: $? = 0
configure:6255: result: ok
configure:6292: checking for sysroot
configure:6322: result: no
configure:6399: gcc -c -g -O2  conftest.c >&5
configure:6402: $? = 0
configure:6565: checking for mt
configure:6581: found /bin/mt
configure:6592: result: mt
configure:6615: checking if mt is a manifest tool
configure:6621: mt '-?'
configure:6629: result: no
configure:7261: checking how to run the C preprocessor
configure:7292: gcc -E  conftest.c
configure:7292: $? = 0
configure:7306: gcc -E  conftest.c
conftest.c:11:28: fatal error: ac_nonexistent.h: No such file or directory
 #include <ac_nonexistent.h>
                            ^
compilation terminated.
configure:7306: $? = 1
configure: failed program was:
| /* confdefs.h */
| #define PACKAGE_NAME "Copter"
| #define PACKAGE_TARNAME "copter"
| #define PACKAGE_VERSION "0.8.7"
| #define PACKAGE_STRING "Copter 0.8.7"
| #define PACKAGE_BUGREPORT "jwgcarlson AT berkeley.edu"
| #define PACKAGE_URL ""
| #define PACKAGE "copter"
| #define VERSION "0.8.7"
| /* end confdefs.h.  */
| #include <ac_nonexistent.h>
configure:7331: result: gcc -E
configure:7351: gcc -E  conftest.c
configure:7351: $? = 0
configure:7365: gcc -E  conftest.c
conftest.c:11:28: fatal error: ac_nonexistent.h: No such file or directory
 #include <ac_nonexistent.h>
                            ^
compilation terminated.
configure:7365: $? = 1
configure: failed program was:
| /* confdefs.h */
| #define PACKAGE_NAME "Copter"
| #define PACKAGE_TARNAME "copter"
| #define PACKAGE_VERSION "0.8.7"
| #define PACKAGE_STRING "Copter 0.8.7"
| #define PACKAGE_BUGREPORT "jwgcarlson AT berkeley.edu"
| #define PACKAGE_URL ""
| #define PACKAGE "copter"
| #define VERSION "0.8.7"
| /* end confdefs.h.  */
| #include <ac_nonexistent.h>
configure:7394: checking for ANSI C header files
configure:7414: gcc -c -g -O2  conftest.c >&5
configure:7414: $? = 0
configure:7487: gcc -o conftest -g -O2   conftest.c  >&5
configure:7487: $? = 0
configure:7487: ./conftest
configure:7487: $? = 0
configure:7498: result: yes
configure:7511: checking for sys/types.h
configure:7511: gcc -c -g -O2  conftest.c >&5
configure:7511: $? = 0
configure:7511: result: yes
configure:7511: checking for sys/stat.h
configure:7511: gcc -c -g -O2  conftest.c >&5
configure:7511: $? = 0
configure:7511: result: yes
configure:7511: checking for stdlib.h
configure:7511: gcc -c -g -O2  conftest.c >&5
configure:7511: $? = 0
configure:7511: result: yes
configure:7511: checking for string.h
configure:7511: gcc -c -g -O2  conftest.c >&5
configure:7511: $? = 0
configure:7511: result: yes
configure:7511: checking for memory.h
configure:7511: gcc -c -g -O2  conftest.c >&5
configure:7511: $? = 0
configure:7511: result: yes
configure:7511: checking for strings.h
configure:7511: gcc -c -g -O2  conftest.c >&5
configure:7511: $? = 0
configure:7511: result: yes
configure:7511: checking for inttypes.h
configure:7511: gcc -c -g -O2  conftest.c >&5
configure:7511: $? = 0
configure:7511: result: yes
configure:7511: checking for stdint.h
configure:7511: gcc -c -g -O2  conftest.c >&5
configure:7511: $? = 0
configure:7511: result: yes
configure:7511: checking for unistd.h
configure:7511: gcc -c -g -O2  conftest.c >&5
configure:7511: $? = 0
configure:7511: result: yes
configure:7525: checking for dlfcn.h
configure:7525: gcc -c -g -O2  conftest.c >&5
configure:7525: $? = 0
configure:7525: result: yes
configure:7712: checking for objdir
configure:7727: result: .libs
configure:7998: checking if gcc supports -fno-rtti -fno-exceptions
configure:8016: gcc -c -g -O2  -fno-rtti -fno-exceptions conftest.c >&5
cc1: warning: command line option '-fno-rtti' is valid for C++/ObjC++ but not for C
configure:8020: $? = 0
configure:8033: result: no
configure:8343: checking for gcc option to produce PIC
configure:8350: result: -fPIC -DPIC
configure:8358: checking if gcc PIC flag -fPIC -DPIC works
configure:8376: gcc -c -g -O2  -fPIC -DPIC -DPIC conftest.c >&5
configure:8380: $? = 0
configure:8393: result: yes
configure:8422: checking if gcc static flag -static works
configure:8450: result: yes
configure:8465: checking if gcc supports -c -o file.o
configure:8486: gcc -c -g -O2  -o out/conftest2.o conftest.c >&5
configure:8490: $? = 0
configure:8512: result: yes
configure:8520: checking if gcc supports -c -o file.o
configure:8567: result: yes
configure:8600: checking whether the gcc linker (/usr/bin/ld -m elf_x86_64) supports shared libraries
configure:9762: result: yes
configure:9799: checking whether -lc should be explicitly linked in
configure:9807: gcc -c -g -O2  conftest.c >&5
configure:9810: $? = 0
configure:9825: gcc -shared  -fPIC -DPIC conftest.o  -v -Wl,-soname -Wl,conftest -o conftest 2\>\&1 \| /bin/grep  -lc  \>/dev/null 2\>\&1
configure:9828: $? = 0
configure:9842: result: no
configure:10007: checking dynamic linker characteristics
configure:10522: gcc -o conftest -g -O2   -Wl,-rpath -Wl,/foo conftest.c  >&5
configure:10522: $? = 0
configure:10756: result: GNU/Linux ld.so
configure:10863: checking how to hardcode library paths into programs
configure:10888: result: immediate
configure:11428: checking whether stripping libraries is possible
configure:11433: result: yes
configure:11468: checking if libtool supports shared libraries
configure:11470: result: yes
configure:11473: checking whether to build shared libraries
configure:11494: result: yes
configure:11497: checking whether to build static libraries
configure:11501: result: yes
configure:11558: checking for C compiler vendor
configure:11582: gcc -c -g -O2  conftest.c >&5
conftest.c: In function 'main':
conftest.c:29:7: error: 'thisisanerror' undeclared (first use in this function)
       thisisanerror;
       ^
conftest.c:29:7: note: each undeclared identifier is reported only once for each function it appears in
configure:11582: $? = 1
configure: failed program was:
| /* confdefs.h */
| #define PACKAGE_NAME "Copter"
| #define PACKAGE_TARNAME "copter"
| #define PACKAGE_VERSION "0.8.7"
| #define PACKAGE_STRING "Copter 0.8.7"
| #define PACKAGE_BUGREPORT "jwgcarlson AT berkeley.edu"
| #define PACKAGE_URL ""
| #define PACKAGE "copter"
| #define VERSION "0.8.7"
| #define STDC_HEADERS 1
| #define HAVE_SYS_TYPES_H 1
| #define HAVE_SYS_STAT_H 1
| #define HAVE_STDLIB_H 1
| #define HAVE_STRING_H 1
| #define HAVE_MEMORY_H 1
| #define HAVE_STRINGS_H 1
| #define HAVE_INTTYPES_H 1
| #define HAVE_STDINT_H 1
| #define HAVE_UNISTD_H 1
| #define HAVE_DLFCN_H 1
| #define LT_OBJDIR ".libs/"
| /* end confdefs.h.  */
| 
| int
| main ()
| {
| 
| #if !(defined(__ICC) || defined(__ECC) || defined(__INTEL_COMPILER))
|       thisisanerror;
| #endif
| 
|   ;
|   return 0;
| }
configure:11582: gcc -c -g -O2  conftest.c >&5
conftest.c: In function 'main':
conftest.c:29:7: error: 'thisisanerror' undeclared (first use in this function)
       thisisanerror;
       ^
conftest.c:29:7: note: each undeclared identifier is reported only once for each function it appears in
configure:11582: $? = 1
configure: failed program was:
| /* confdefs.h */
| #define PACKAGE_NAME "Copter"
| #define PACKAGE_TARNAME "copter"
| #define PACKAGE_VERSION "0.8.7"
| #define PACKAGE_STRING "Copter 0.8.7"
| #define PACKAGE_BUGREPORT "jwgcarlson AT berkeley.edu"
| #define PACKAGE_URL ""
| #define PACKAGE "copter"
| #define VERSION "0.8.7"
| #define STDC_HEADERS 1
| #define HAVE_SYS_TYPES_H 1
| #define HAVE_SYS_STAT_H 1
| #define HAVE_STDLIB_H 1
| #define HAVE_STRING_H 1
| #define HAVE_MEMORY_H 1
| #define HAVE_STRINGS_H 1
| #define HAVE_INTTYPES_H 1
| #define HAVE_STDINT_H 1
| #define HAVE_UNISTD_H 1
| #define HAVE_DLFCN_H 1
| #define LT_OBJDIR ".libs/"
| /* end confdefs.h.  */
| 
| int
| main ()
| {
| 
| #if !(defined(__xlc__) || defined(__xlC__) || defined(__IBMC__) || defined(__IBMCPP__))
|       thisisanerror;
| #endif
| 
|   ;
|   return 0;
| }
configure:11582: gcc -c -g -O2  conftest.c >&5
conftest.c: In function 'main':
conftest.c:29:7: error: 'thisisanerror' undeclared (first use in this function)
       thisisanerror;
       ^
conftest.c:29:7: note: each undeclared identifier is reported only once for each function it appears in
configure:11582: $? = 1
configure: failed program was:
| /* confdefs.h */
| #define PACKAGE_NAME "Copter"
| #define PACKAGE_TARNAME "copter"
| #define PACKAGE_VERSION "0.8.7"
| #define PACKAGE_STRING "Copter 0.8.7"
| #define PACKAGE_BUGREPORT "jwgcarlson AT berkeley.edu"
| #define PACKAGE_URL ""
| #define PACKAGE "copter"
| #define VERSION "0.8.7"
| #define STDC_HEADERS 1
| #define HAVE_SYS_TYPES_H 1
| #define HAVE_SYS_STAT_H 1
| #define HAVE_STDLIB_H 1
| #define HAVE_STRING_H 1
| #define HAVE_MEMORY_H 1
| #define HAVE_STRINGS_H 1
| #define HAVE_INTTYPES_H 1
| #define HAVE_STDINT_H 1
| #define HAVE_UNISTD_H 1
| #define HAVE_DLFCN_H 1
| #define LT_OBJDIR ".libs/"
| /* end confdefs.h.  */
| 
| int
| main ()
| {
| 
| #if !(defined(__PATHCC__) || defined(__PATHSCALE__))
|       thisisanerror;
| #endif
| 
|   ;
|   return 0;
| }
configure:11582: gcc -c -g -O2  conftest.c >&5
configure:11582: $? = 0
configure:11589: result: gnu
configure:11706: checking whether C compiler accepts -mtune=native
configure:11721: gcc -c -mtune=native  conftest.c >&5
configure:11721: $? = 0
configure:11729: result: yes
configure:11741: checking whether C compiler accepts -fstrict-aliasing
configure:11760: gcc -c -fstrict-aliasing  conftest.c >&5
configure:11760: $? = 0
configure:11770: result: yes
configure:11787: checking whether C compiler accepts -fno-schedule-insns
configure:11806: gcc -c -fno-schedule-insns  conftest.c >&5
configure:11806: $? = 0
configure:11816: result: yes
configure:11841: checking whether C compiler accepts -O3 -fomit-frame-pointer -mtune=native -fstrict-aliasing -fno-schedule-insns
configure:11856: gcc -c -O3 -fomit-frame-pointer -mtune=native -fstrict-aliasing -fno-schedule-insns  conftest.c >&5
configure:11856: $? = 0
configure:11864: result: yes
configure:11967: checking for gcc
configure:11994: result: gcc
configure:12223: checking for C compiler version
configure:12232: gcc --version >&5
gcc (Debian 4.9.2-10) 4.9.2
Copyright (C) 2014 Free Software Foundation, Inc.
This is free software; see the source for copying conditions.  There is NO
warranty; not even for MERCHANTABILITY or FITNESS FOR A PARTICULAR PURPOSE.

configure:12243: $? = 0
configure:12232: gcc -v >&5
Using built-in specs.
COLLECT_GCC=gcc
COLLECT_LTO_WRAPPER=/usr/lib/gcc/x86_64-linux-gnu/4.9/lto-wrapper
Target: x86_64-linux-gnu
Configured with: ../src/configure -v --with-pkgversion='Debian 4.9.2-10' --with-bugurl=file:///usr/share/doc/gcc-4.9/README.Bugs --enable-languages=c,c++,java,go,d,fortran,objc,obj-c++ --prefix=/usr --program-suffix=-4.9 --enable-shared --enable-linker-build-id --libexecdir=/usr/lib --without-included-gettext --enable-threads=posix --with-gxx-include-dir=/usr/include/c++/4.9 --libdir=/usr/lib --enable-nls --with-sysroot=/ --enable-clocale=gnu --enable-libstdcxx-debug --enable-libstdcxx-time=yes --enable-gnu-unique-object --disable-vtable-verify --enable-plugin --with-system-zlib --disable-browser-plugin --enable-java-awt=gtk --enable-gtk-cairo --with-java-home=/usr/lib/jvm/java-1.5.0-gcj-4.9-amd64/jre --enable-java-home --with-jvm-root-dir=/usr/lib/jvm/java-1.5.0-gcj-4.9-amd64 --with-jvm-jar-dir=/usr/lib/jvm-exports/java-1.5.0-gcj-4.9-amd64 --with-arch-directory=amd64 --with-ecj-jar=/usr/share/java/eclipse-ecj.jar --enable-objc-gc --enable-multiarch --with-arch-32=i586 --with-abi=m64 --with-multilib-list=m32,m64,mx32 --enable-multilib --with-tune=generic --enable-checking=release --build=x86_64-linux-gnu --host=x86_64-linux-gnu --target=x86_64-linux-gnu
Thread model: posix
gcc version 4.9.2 (Debian 4.9.2-10) 
configure:12243: $? = 0
configure:12232: gcc -V >&5
gcc: error: unrecognized command line option '-V'
gcc: fatal error: no input files
compilation terminated.
configure:12243: $? = 4
configure:12232: gcc -qversion >&5
gcc: error: unrecognized command line option '-qversion'
gcc: fatal error: no input files
compilation terminated.
configure:12243: $? = 4
configure:12247: checking whether we are using the GNU C compiler
configure:12275: result: yes
configure:12284: checking whether gcc accepts -g
configure:12345: result: yes
configure:12362: checking for gcc option to accept ISO C89
configure:12439: result: none needed
configure:12461: checking dependency style of gcc
configure:12571: result: gcc3
configure:12644: checking for g++
configure:12660: found /usr/bin/g++
configure:12671: result: g++
configure:12698: checking for C++ compiler version
configure:12707: g++ --version >&5
g++ (Debian 4.9.2-10) 4.9.2
Copyright (C) 2014 Free Software Foundation, Inc.
This is free software; see the source for copying conditions.  There is NO
warranty; not even for MERCHANTABILITY or FITNESS FOR A PARTICULAR PURPOSE.

configure:12718: $? = 0
configure:12707: g++ -v >&5
Using built-in specs.
COLLECT_GCC=g++
COLLECT_LTO_WRAPPER=/usr/lib/gcc/x86_64-linux-gnu/4.9/lto-wrapper
Target: x86_64-linux-gnu
Configured with: ../src/configure -v --with-pkgversion='Debian 4.9.2-10' --with-bugurl=file:///usr/share/doc/gcc-4.9/README.Bugs --enable-languages=c,c++,java,go,d,fortran,objc,obj-c++ --prefix=/usr --program-suffix=-4.9 --enable-shared --enable-linker-build-id --libexecdir=/usr/lib --without-included-gettext --enable-threads=posix --with-gxx-include-dir=/usr/include/c++/4.9 --libdir=/usr/lib --enable-nls --with-sysroot=/ --enable-clocale=gnu --enable-libstdcxx-debug --enable-libstdcxx-time=yes --enable-gnu-unique-object --disable-vtable-verify --enable-plugin --with-system-zlib --disable-browser-plugin --enable-java-awt=gtk --enable-gtk-cairo --with-java-home=/usr/lib/jvm/java-1.5.0-gcj-4.9-amd64/jre --enable-java-home --with-jvm-root-dir=/usr/lib/jvm/java-1.5.0-gcj-4.9-amd64 --with-jvm-jar-dir=/usr/lib/jvm-exports/java-1.5.0-gcj-4.9-amd64 --with-arch-directory=amd64 --with-ecj-jar=/usr/share/java/eclipse-ecj.jar --enable-objc-gc --enable-multiarch --with-arch-32=i586 --with-abi=m64 --with-multilib-list=m32,m64,mx32 --enable-multilib --with-tune=generic --enable-checking=release --build=x86_64-linux-gnu --host=x86_64-linux-gnu --target=x86_64-linux-gnu
Thread model: posix
gcc version 4.9.2 (Debian 4.9.2-10) 
configure:12718: $? = 0
configure:12707: g++ -V >&5
g++: error: unrecognized command line option '-V'
g++: fatal error: no input files
compilation terminated.
configure:12718: $? = 4
configure:12707: g++ -qversion >&5
g++: error: unrecognized command line option '-qversion'
g++: fatal error: no input files
compilation terminated.
configure:12718: $? = 4
configure:12722: checking whether we are using the GNU C++ compiler
configure:12741: g++ -c -O3 -fomit-frame-pointer -mtune=native -fstrict-aliasing -fno-schedule-insns  conftest.cpp >&5
configure:12741: $? = 0
configure:12750: result: yes
configure:12759: checking whether g++ accepts -g
configure:12779: g++ -c -g  conftest.cpp >&5
configure:12779: $? = 0
configure:12820: result: yes
configure:12845: checking dependency style of g++
configure:12955: result: gcc3
configure:12988: checking how to run the C++ preprocessor
configure:13015: g++ -E  conftest.cpp
configure:13015: $? = 0
configure:13029: g++ -E  conftest.cpp
conftest.cpp:23:28: fatal error: ac_nonexistent.h: No such file or directory
 #include <ac_nonexistent.h>
                            ^
compilation terminated.
configure:13029: $? = 1
configure: failed program was:
| /* confdefs.h */
| #define PACKAGE_NAME "Copter"
| #define PACKAGE_TARNAME "copter"
| #define PACKAGE_VERSION "0.8.7"
| #define PACKAGE_STRING "Copter 0.8.7"
| #define PACKAGE_BUGREPORT "jwgcarlson AT berkeley.edu"
| #define PACKAGE_URL ""
| #define PACKAGE "copter"
| #define VERSION "0.8.7"
| #define STDC_HEADERS 1
| #define HAVE_SYS_TYPES_H 1
| #define HAVE_SYS_STAT_H 1
| #define HAVE_STDLIB_H 1
| #define HAVE_STRING_H 1
| #define HAVE_MEMORY_H 1
| #define HAVE_STRINGS_H 1
| #define HAVE_INTTYPES_H 1
| #define HAVE_STDINT_H 1
| #define HAVE_UNISTD_H 1
| #define HAVE_DLFCN_H 1
| #define LT_OBJDIR ".libs/"
| /* end confdefs.h.  */
| #include <ac_nonexistent.h>
configure:13054: result: g++ -E
configure:13074: g++ -E  conftest.cpp
configure:13074: $? = 0
configure:13088: g++ -E  conftest.cpp
conftest.cpp:23:28: fatal error: ac_nonexistent.h: No such file or directory
 #include <ac_nonexistent.h>
                            ^
compilation terminated.
configure:13088: $? = 1
configure: failed program was:
| /* confdefs.h */
| #define PACKAGE_NAME "Copter"
| #define PACKAGE_TARNAME "copter"
| #define PACKAGE_VERSION "0.8.7"
| #define PACKAGE_STRING "Copter 0.8.7"
| #define PACKAGE_BUGREPORT "jwgcarlson AT berkeley.edu"
| #define PACKAGE_URL ""
| #define PACKAGE "copter"
| #define VERSION "0.8.7"
| #define STDC_HEADERS 1
| #define HAVE_SYS_TYPES_H 1
| #define HAVE_SYS_STAT_H 1
| #define HAVE_STDLIB_H 1
| #define HAVE_STRING_H 1
| #define HAVE_MEMORY_H 1
| #define HAVE_STRINGS_H 1
| #define HAVE_INTTYPES_H 1
| #define HAVE_STDINT_H 1
| #define HAVE_UNISTD_H 1
| #define HAVE_DLFCN_H 1
| #define LT_OBJDIR ".libs/"
| /* end confdefs.h.  */
| #include <ac_nonexistent.h>
configure:13258: checking for ld used by g++
configure:13325: result: /usr/bin/ld -m elf_x86_64
configure:13332: checking if the linker (/usr/bin/ld -m elf_x86_64) is GNU ld
configure:13347: result: yes
configure:13402: checking whether the g++ linker (/usr/bin/ld -m elf_x86_64) supports shared libraries
configure:14406: result: yes
configure:14441: g++ -c -O3 -fomit-frame-pointer -mtune=native -fstrict-aliasing -fno-schedule-insns  conftest.cpp >&5
configure:14444: $? = 0
configure:14964: checking for g++ option to produce PIC
configure:14971: result: -fPIC -DPIC
configure:14979: checking if g++ PIC flag -fPIC -DPIC works
configure:14997: g++ -c -O3 -fomit-frame-pointer -mtune=native -fstrict-aliasing -fno-schedule-insns  -fPIC -DPIC -DPIC conftest.cpp >&5
configure:15001: $? = 0
configure:15014: result: yes
configure:15037: checking if g++ static flag -static works
configure:15065: result: yes
configure:15077: checking if g++ supports -c -o file.o
configure:15098: g++ -c -O3 -fomit-frame-pointer -mtune=native -fstrict-aliasing -fno-schedule-insns  -o out/conftest2.o conftest.cpp >&5
configure:15102: $? = 0
configure:15124: result: yes
configure:15129: checking if g++ supports -c -o file.o
configure:15176: result: yes
configure:15206: checking whether the g++ linker (/usr/bin/ld -m elf_x86_64) supports shared libraries
configure:15243: result: yes
configure:15386: checking dynamic linker characteristics
configure:16069: result: GNU/Linux ld.so
configure:16122: checking how to hardcode library paths into programs
configure:16147: result: immediate
configure:16192: checking how to run the C++ preprocessor
configure:16258: result: g++ -E
configure:16278: g++ -E  conftest.cpp
configure:16278: $? = 0
configure:16292: g++ -E  conftest.cpp
conftest.cpp:23:28: fatal error: ac_nonexistent.h: No such file or directory
 #include <ac_nonexistent.h>
                            ^
compilation terminated.
configure:16292: $? = 1
configure: failed program was:
| /* confdefs.h */
| #define PACKAGE_NAME "Copter"
| #define PACKAGE_TARNAME "copter"
| #define PACKAGE_VERSION "0.8.7"
| #define PACKAGE_STRING "Copter 0.8.7"
| #define PACKAGE_BUGREPORT "jwgcarlson AT berkeley.edu"
| #define PACKAGE_URL ""
| #define PACKAGE "copter"
| #define VERSION "0.8.7"
| #define STDC_HEADERS 1
| #define HAVE_SYS_TYPES_H 1
| #define HAVE_SYS_STAT_H 1
| #define HAVE_STDLIB_H 1
| #define HAVE_STRING_H 1
| #define HAVE_MEMORY_H 1
| #define HAVE_STRINGS_H 1
| #define HAVE_INTTYPES_H 1
| #define HAVE_STDINT_H 1
| #define HAVE_UNISTD_H 1
| #define HAVE_DLFCN_H 1
| #define LT_OBJDIR ".libs/"
| /* end confdefs.h.  */
| #include <ac_nonexistent.h>
configure:16326: checking limits.h usability
configure:16326: gcc -c -O3 -fomit-frame-pointer -mtune=native -fstrict-aliasing -fno-schedule-insns  conftest.c >&5
configure:16326: $? = 0
configure:16326: result: yes
configure:16326: checking limits.h presence
configure:16326: gcc -E  conftest.c
configure:16326: $? = 0
configure:16326: result: yes
configure:16326: checking for limits.h
configure:16326: result: yes
configure:16326: checking for sys/stat.h
configure:16326: result: yes
configure:16326: checking for unistd.h
configure:16326: result: yes
configure:16338: checking for stdbool.h that conforms to C99
configure:16423: gcc -c -O3 -fomit-frame-pointer -mtune=native -fstrict-aliasing -fno-schedule-insns  conftest.c >&5
configure:16423: $? = 0
configure:16430: result: yes
configure:16432: checking for _Bool
configure:16432: gcc -c -O3 -fomit-frame-pointer -mtune=native -fstrict-aliasing -fno-schedule-insns  conftest.c >&5
configure:16432: $? = 0
configure:16432: gcc -c -O3 -fomit-frame-pointer -mtune=native -fstrict-aliasing -fno-schedule-insns  conftest.c >&5
conftest.c: In function 'main':
conftest.c:62:20: error: expected expression before ')' token
 if (sizeof ((_Bool)))
                    ^
configure:16432: $? = 1
configure: failed program was:
| /* confdefs.h */
| #define PACKAGE_NAME "Copter"
| #define PACKAGE_TARNAME "copter"
| #define PACKAGE_VERSION "0.8.7"
| #define PACKAGE_STRING "Copter 0.8.7"
| #define PACKAGE_BUGREPORT "jwgcarlson AT berkeley.edu"
| #define PACKAGE_URL ""
| #define PACKAGE "copter"
| #define VERSION "0.8.7"
| #define STDC_HEADERS 1
| #define HAVE_SYS_TYPES_H 1
| #define HAVE_SYS_STAT_H 1
| #define HAVE_STDLIB_H 1
| #define HAVE_STRING_H 1
| #define HAVE_MEMORY_H 1
| #define HAVE_STRINGS_H 1
| #define HAVE_INTTYPES_H 1
| #define HAVE_STDINT_H 1
| #define HAVE_UNISTD_H 1
| #define HAVE_DLFCN_H 1
| #define LT_OBJDIR ".libs/"
| #define HAVE_LIMITS_H 1
| #define HAVE_SYS_STAT_H 1
| #define HAVE_UNISTD_H 1
| /* end confdefs.h.  */
| #include <stdio.h>
| #ifdef HAVE_SYS_TYPES_H
| # include <sys/types.h>
| #endif
| #ifdef HAVE_SYS_STAT_H
| # include <sys/stat.h>
| #endif
| #ifdef STDC_HEADERS
| # include <stdlib.h>
| # include <stddef.h>
| #else
| # ifdef HAVE_STDLIB_H
| #  include <stdlib.h>
| # endif
| #endif
| #ifdef HAVE_STRING_H
| # if !defined STDC_HEADERS && defined HAVE_MEMORY_H
| #  include <memory.h>
| # endif
| # include <string.h>
| #endif
| #ifdef HAVE_STRINGS_H
| # include <strings.h>
| #endif
| #ifdef HAVE_INTTYPES_H
| # include <inttypes.h>
| #endif
| #ifdef HAVE_STDINT_H
| # include <stdint.h>
| #endif
| #ifdef HAVE_UNISTD_H
| # include <unistd.h>
| #endif
| int
| main ()
| {
| if (sizeof ((_Bool)))
| 	    return 0;
|   ;
|   return 0;
| }
configure:16432: result: yes
configure:16448: checking for ANSI C header files
configure:16552: result: yes
configure:16560: checking for an ANSI C-conforming const
configure:16625: gcc -c -O3 -fomit-frame-pointer -mtune=native -fstrict-aliasing -fno-schedule-insns  conftest.c >&5
configure:16625: $? = 0
configure:16632: result: yes
configure:16640: checking for inline
configure:16656: gcc -c -O3 -fomit-frame-pointer -mtune=native -fstrict-aliasing -fno-schedule-insns  conftest.c >&5
configure:16656: $? = 0
configure:16664: result: inline
configure:16682: checking for int64_t
configure:16682: gcc -c -O3 -fomit-frame-pointer -mtune=native -fstrict-aliasing -fno-schedule-insns  conftest.c >&5
configure:16682: $? = 0
configure:16682: gcc -c -O3 -fomit-frame-pointer -mtune=native -fstrict-aliasing -fno-schedule-insns  conftest.c >&5
conftest.c: In function 'main':
conftest.c:67:53: warning: integer overflow in expression [-Woverflow]
    < (int64_t) (((((int64_t) 1 << N) << N) - 1) * 2 + 2))];
                                                     ^
conftest.c:66:12: error: storage size of 'test_array' isn't constant
 static int test_array [1 - 2 * !((int64_t) (((((int64_t) 1 << N) << N) - 1) * 2 + 1)
            ^
configure:16682: $? = 1
configure: failed program was:
| /* confdefs.h */
| #define PACKAGE_NAME "Copter"
| #define PACKAGE_TARNAME "copter"
| #define PACKAGE_VERSION "0.8.7"
| #define PACKAGE_STRING "Copter 0.8.7"
| #define PACKAGE_BUGREPORT "jwgcarlson AT berkeley.edu"
| #define PACKAGE_URL ""
| #define PACKAGE "copter"
| #define VERSION "0.8.7"
| #define STDC_HEADERS 1
| #define HAVE_SYS_TYPES_H 1
| #define HAVE_SYS_STAT_H 1
| #define HAVE_STDLIB_H 1
| #define HAVE_STRING_H 1
| #define HAVE_MEMORY_H 1
| #define HAVE_STRINGS_H 1
| #define HAVE_INTTYPES_H 1
| #define HAVE_STDINT_H 1
| #define HAVE_UNISTD_H 1
| #define HAVE_DLFCN_H 1
| #define LT_OBJDIR ".libs/"
| #define HAVE_LIMITS_H 1
| #define HAVE_SYS_STAT_H 1
| #define HAVE_UNISTD_H 1
| #define HAVE__BOOL 1
| #define HAVE_STDBOOL_H 1
| #define STDC_HEADERS 1
| /* end confdefs.h.  */
| #include <stdio.h>
| #ifdef HAVE_SYS_TYPES_H
| # include <sys/types.h>
| #endif
| #ifdef HAVE_SYS_STAT_H
| # include <sys/stat.h>
| #endif
| #ifdef STDC_HEADERS
| # include <stdlib.h>
| # include <stddef.h>
| #else
| # ifdef HAVE_STDLIB_H
| #  include <stdlib.h>
| # endif
| #endif
| #ifdef HAVE_STRING_H
| # if !defined STDC_HEADERS && defined HAVE_MEMORY_H
| #  include <memory.h>
| # endif
| # include <string.h>
| #endif
| #ifdef HAVE_STRINGS_H
| # include <strings.h>
| #endif
| #ifdef HAVE_INTTYPES_H
| # include <inttypes.h>
| #endif
| #ifdef HAVE_STDINT_H
| # include <stdint.h>
| #endif
| #ifdef HAVE_UNISTD_H
| # include <unistd.h>
| #endif
| 	        enum { N = 64 / 2 - 1 };
| int
| main ()
| {
| static int test_array [1 - 2 * !((int64_t) (((((int64_t) 1 << N) << N) - 1) * 2 + 1)
| 		 < (int64_t) (((((int64_t) 1 << N) << N) - 1) * 2 + 2))];
| test_array [0] = 0
| 
|   ;
|   return 0;
| }
configure:16682: result: yes
configure:16693: checking for size_t
configure:16693: gcc -c -O3 -fomit-frame-pointer -mtune=native -fstrict-aliasing -fno-schedule-insns  conftest.c >&5
configure:16693: $? = 0
configure:16693: gcc -c -O3 -fomit-frame-pointer -mtune=native -fstrict-aliasing -fno-schedule-insns  conftest.c >&5
conftest.c: In function 'main':
conftest.c:65:21: error: expected expression before ')' token
 if (sizeof ((size_t)))
                     ^
configure:16693: $? = 1
configure: failed program was:
| /* confdefs.h */
| #define PACKAGE_NAME "Copter"
| #define PACKAGE_TARNAME "copter"
| #define PACKAGE_VERSION "0.8.7"
| #define PACKAGE_STRING "Copter 0.8.7"
| #define PACKAGE_BUGREPORT "jwgcarlson AT berkeley.edu"
| #define PACKAGE_URL ""
| #define PACKAGE "copter"
| #define VERSION "0.8.7"
| #define STDC_HEADERS 1
| #define HAVE_SYS_TYPES_H 1
| #define HAVE_SYS_STAT_H 1
| #define HAVE_STDLIB_H 1
| #define HAVE_STRING_H 1
| #define HAVE_MEMORY_H 1
| #define HAVE_STRINGS_H 1
| #define HAVE_INTTYPES_H 1
| #define HAVE_STDINT_H 1
| #define HAVE_UNISTD_H 1
| #define HAVE_DLFCN_H 1
| #define LT_OBJDIR ".libs/"
| #define HAVE_LIMITS_H 1
| #define HAVE_SYS_STAT_H 1
| #define HAVE_UNISTD_H 1
| #define HAVE__BOOL 1
| #define HAVE_STDBOOL_H 1
| #define STDC_HEADERS 1
| /* end confdefs.h.  */
| #include <stdio.h>
| #ifdef HAVE_SYS_TYPES_H
| # include <sys/types.h>
| #endif
| #ifdef HAVE_SYS_STAT_H
| # include <sys/stat.h>
| #endif
| #ifdef STDC_HEADERS
| # include <stdlib.h>
| # include <stddef.h>
| #else
| # ifdef HAVE_STDLIB_H
| #  include <stdlib.h>
| # endif
| #endif
| #ifdef HAVE_STRING_H
| # if !defined STDC_HEADERS && defined HAVE_MEMORY_H
| #  include <memory.h>
| # endif
| # include <string.h>
| #endif
| #ifdef HAVE_STRINGS_H
| # include <strings.h>
| #endif
| #ifdef HAVE_INTTYPES_H
| # include <inttypes.h>
| #endif
| #ifdef HAVE_STDINT_H
| # include <stdint.h>
| #endif
| #ifdef HAVE_UNISTD_H
| # include <unistd.h>
| #endif
| int
| main ()
| {
| if (sizeof ((size_t)))
| 	    return 0;
|   ;
|   return 0;
| }
configure:16693: result: yes
configure:16704: checking for working volatile
configure:16723: gcc -c -O3 -fomit-frame-pointer -mtune=native -fstrict-aliasing -fno-schedule-insns  conftest.c >&5
configure:16723: $? = 0
configure:16730: result: yes
configure:16738: checking for ptrdiff_t
configure:16738: gcc -c -O3 -fomit-frame-pointer -mtune=native -fstrict-aliasing -fno-schedule-insns  conftest.c >&5
configure:16738: $? = 0
configure:16738: gcc -c -O3 -fomit-frame-pointer -mtune=native -fstrict-aliasing -fno-schedule-insns  conftest.c >&5
conftest.c: In function 'main':
conftest.c:65:24: error: expected expression before ')' token
 if (sizeof ((ptrdiff_t)))
                        ^
configure:16738: $? = 1
configure: failed program was:
| /* confdefs.h */
| #define PACKAGE_NAME "Copter"
| #define PACKAGE_TARNAME "copter"
| #define PACKAGE_VERSION "0.8.7"
| #define PACKAGE_STRING "Copter 0.8.7"
| #define PACKAGE_BUGREPORT "jwgcarlson AT berkeley.edu"
| #define PACKAGE_URL ""
| #define PACKAGE "copter"
| #define VERSION "0.8.7"
| #define STDC_HEADERS 1
| #define HAVE_SYS_TYPES_H 1
| #define HAVE_SYS_STAT_H 1
| #define HAVE_STDLIB_H 1
| #define HAVE_STRING_H 1
| #define HAVE_MEMORY_H 1
| #define HAVE_STRINGS_H 1
| #define HAVE_INTTYPES_H 1
| #define HAVE_STDINT_H 1
| #define HAVE_UNISTD_H 1
| #define HAVE_DLFCN_H 1
| #define LT_OBJDIR ".libs/"
| #define HAVE_LIMITS_H 1
| #define HAVE_SYS_STAT_H 1
| #define HAVE_UNISTD_H 1
| #define HAVE__BOOL 1
| #define HAVE_STDBOOL_H 1
| #define STDC_HEADERS 1
| /* end confdefs.h.  */
| #include <stdio.h>
| #ifdef HAVE_SYS_TYPES_H
| # include <sys/types.h>
| #endif
| #ifdef HAVE_SYS_STAT_H
| # include <sys/stat.h>
| #endif
| #ifdef STDC_HEADERS
| # include <stdlib.h>
| # include <stddef.h>
| #else
| # ifdef HAVE_STDLIB_H
| #  include <stdlib.h>
| # endif
| #endif
| #ifdef HAVE_STRING_H
| # if !defined STDC_HEADERS && defined HAVE_MEMORY_H
| #  include <memory.h>
| # endif
| # include <string.h>
| #endif
| #ifdef HAVE_STRINGS_H
| # include <strings.h>
| #endif
| #ifdef HAVE_INTTYPES_H
| # include <inttypes.h>
| #endif
| #ifdef HAVE_STDINT_H
| # include <stdint.h>
| #endif
| #ifdef HAVE_UNISTD_H
| # include <unistd.h>
| #endif
| int
| main ()
| {
| if (sizeof ((ptrdiff_t)))
| 	    return 0;
|   ;
|   return 0;
| }
configure:16738: result: yes
configure:16752: checking for stdlib.h
configure:16752: result: yes
configure:16762: checking for GNU libc compatible malloc
configure:16786: gcc -o conftest -O3 -fomit-frame-pointer -mtune=native -fstrict-aliasing -fno-schedule-insns   conftest.c  >&5
configure:16786: $? = 0
configure:16786: ./conftest
configure:16786: $? = 0
configure:16796: result: yes
configure:16817: checking whether lstat correctly handles trailing slash
configure:16843: gcc -o conftest -O3 -fomit-frame-pointer -mtune=native -fstrict-aliasing -fno-schedule-insns   conftest.c  >&5
configure:16843: $? = 0
configure:16843: ./conftest
configure:16843: $? = 0
configure:16860: result: yes
configure:16879: checking whether stat accepts an empty string
configure:16899: gcc -o conftest -O3 -fomit-frame-pointer -mtune=native -fstrict-aliasing -fno-schedule-insns   conftest.c  >&5
configure:16899: $? = 0
configure:16899: ./conftest
configure:16899: $? = 0
configure:16909: result: no
configure:16925: checking for working strtod
configure:16966: gcc -o conftest -O3 -fomit-frame-pointer -mtune=native -fstrict-aliasing -fno-schedule-insns   conftest.c  >&5
configure:16966: $? = 0
configure:16966: ./conftest
configure:16966: $? = 0
configure:16976: result: yes
configure:17040: checking for vprintf
configure:17040: gcc -o conftest -O3 -fomit-frame-pointer -mtune=native -fstrict-aliasing -fno-schedule-insns   conftest.c  >&5
conftest.c:56:6: warning: conflicting types for built-in function 'vprintf'
 char vprintf ();
      ^
configure:17040: $? = 0
configure:17040: result: yes
configure:17046: checking for _doprnt
configure:17046: gcc -o conftest -O3 -fomit-frame-pointer -mtune=native -fstrict-aliasing -fno-schedule-insns   conftest.c  >&5
/tmp/ccHZSHAd.o: In function `main':
conftest.c:(.text.startup+0x7): undefined reference to `_doprnt'
collect2: error: ld returned 1 exit status
configure:17046: $? = 1
configure: failed program was:
| /* confdefs.h */
| #define PACKAGE_NAME "Copter"
| #define PACKAGE_TARNAME "copter"
| #define PACKAGE_VERSION "0.8.7"
| #define PACKAGE_STRING "Copter 0.8.7"
| #define PACKAGE_BUGREPORT "jwgcarlson AT berkeley.edu"
| #define PACKAGE_URL ""
| #define PACKAGE "copter"
| #define VERSION "0.8.7"
| #define STDC_HEADERS 1
| #define HAVE_SYS_TYPES_H 1
| #define HAVE_SYS_STAT_H 1
| #define HAVE_STDLIB_H 1
| #define HAVE_STRING_H 1
| #define HAVE_MEMORY_H 1
| #define HAVE_STRINGS_H 1
| #define HAVE_INTTYPES_H 1
| #define HAVE_STDINT_H 1
| #define HAVE_UNISTD_H 1
| #define HAVE_DLFCN_H 1
| #define LT_OBJDIR ".libs/"
| #define HAVE_LIMITS_H 1
| #define HAVE_SYS_STAT_H 1
| #define HAVE_UNISTD_H 1
| #define HAVE__BOOL 1
| #define HAVE_STDBOOL_H 1
| #define STDC_HEADERS 1
| #define HAVE_PTRDIFF_T 1
| #define HAVE_STDLIB_H 1
| #define HAVE_MALLOC 1
| #define LSTAT_FOLLOWS_SLASHED_SYMLINK 1
| #define HAVE_VPRINTF 1
| /* end confdefs.h.  */
| /* Define _doprnt to an innocuous variant, in case <limits.h> declares _doprnt.
|    For example, HP-UX 11i <limits.h> declares gettimeofday.  */
| #define _doprnt innocuous__doprnt
| 
| /* System header to define __stub macros and hopefully few prototypes,
|     which can conflict with char _doprnt (); below.
|     Prefer <limits.h> to <assert.h> if __STDC__ is defined, since
|     <limits.h> exists even on freestanding compilers.  */
| 
| #ifdef __STDC__
| # include <limits.h>
| #else
| # include <assert.h>
| #endif
| 
| #undef _doprnt
| 
| /* Override any GCC internal prototype to avoid an error.
|    Use char because int might match the return type of a GCC
|    builtin and then its argument prototype would still apply.  */
| #ifdef __cplusplus
| extern "C"
| #endif
| char _doprnt ();
| /* The GNU C library defines this for functions which it implements
|     to always fail with ENOSYS.  Some functions are actually named
|     something starting with __ and the normal name is an alias.  */
| #if defined __stub__doprnt || defined __stub____doprnt
| choke me
| #endif
| 
| int
| main ()
| {
| return _doprnt ();
|   ;
|   return 0;
| }
configure:17046: result: no
configure:17060: checking for memset
configure:17060: gcc -o conftest -O3 -fomit-frame-pointer -mtune=native -fstrict-aliasing -fno-schedule-insns   conftest.c  >&5
conftest.c:57:6: warning: conflicting types for built-in function 'memset'
 char memset ();
      ^
configure:17060: $? = 0
configure:17060: result: yes
configure:17060: checking for strerror
configure:17060: gcc -o conftest -O3 -fomit-frame-pointer -mtune=native -fstrict-aliasing -fno-schedule-insns   conftest.c  >&5
configure:17060: $? = 0
configure:17060: result: yes
configure:17060: checking for strtol
configure:17060: gcc -o conftest -O3 -fomit-frame-pointer -mtune=native -fstrict-aliasing -fno-schedule-insns   conftest.c  >&5
configure:17060: $? = 0
configure:17060: result: yes
configure:17060: checking for pow
configure:17060: gcc -o conftest -O3 -fomit-frame-pointer -mtune=native -fstrict-aliasing -fno-schedule-insns   conftest.c  >&5
conftest.c:60:6: warning: conflicting types for built-in function 'pow'
 char pow ();
      ^
/tmp/ccKm7MQo.o: In function `main':
conftest.c:(.text.startup+0x7): undefined reference to `pow'
collect2: error: ld returned 1 exit status
configure:17060: $? = 1
configure: failed program was:
| /* confdefs.h */
| #define PACKAGE_NAME "Copter"
| #define PACKAGE_TARNAME "copter"
| #define PACKAGE_VERSION "0.8.7"
| #define PACKAGE_STRING "Copter 0.8.7"
| #define PACKAGE_BUGREPORT "jwgcarlson AT berkeley.edu"
| #define PACKAGE_URL ""
| #define PACKAGE "copter"
| #define VERSION "0.8.7"
| #define STDC_HEADERS 1
| #define HAVE_SYS_TYPES_H 1
| #define HAVE_SYS_STAT_H 1
| #define HAVE_STDLIB_H 1
| #define HAVE_STRING_H 1
| #define HAVE_MEMORY_H 1
| #define HAVE_STRINGS_H 1
| #define HAVE_INTTYPES_H 1
| #define HAVE_STDINT_H 1
| #define HAVE_UNISTD_H 1
| #define HAVE_DLFCN_H 1
| #define LT_OBJDIR ".libs/"
| #define HAVE_LIMITS_H 1
| #define HAVE_SYS_STAT_H 1
| #define HAVE_UNISTD_H 1
| #define HAVE__BOOL 1
| #define HAVE_STDBOOL_H 1
| #define STDC_HEADERS 1
| #define HAVE_PTRDIFF_T 1
| #define HAVE_STDLIB_H 1
| #define HAVE_MALLOC 1
| #define LSTAT_FOLLOWS_SLASHED_SYMLINK 1
| #define HAVE_VPRINTF 1
| #define HAVE_MEMSET 1
| #define HAVE_STRERROR 1
| #define HAVE_STRTOL 1
| /* end confdefs.h.  */
| /* Define pow to an innocuous variant, in case <limits.h> declares pow.
|    For example, HP-UX 11i <limits.h> declares gettimeofday.  */
| #define pow innocuous_pow
| 
| /* System header to define __stub macros and hopefully few prototypes,
|     which can conflict with char pow (); below.
|     Prefer <limits.h> to <assert.h> if __STDC__ is defined, since
|     <limits.h> exists even on freestanding compilers.  */
| 
| #ifdef __STDC__
| # include <limits.h>
| #else
| # include <assert.h>
| #endif
| 
| #undef pow
| 
| /* Override any GCC internal prototype to avoid an error.
|    Use char because int might match the return type of a GCC
|    builtin and then its argument prototype would still apply.  */
| #ifdef __cplusplus
| extern "C"
| #endif
| char pow ();
| /* The GNU C library defines this for functions which it implements
|     to always fail with ENOSYS.  Some functions are actually named
|     something starting with __ and the normal name is an alias.  */
| #if defined __stub_pow || defined __stub___pow
| choke me
| #endif
| 
| int
| main ()
| {
| return pow ();
|   ;
|   return 0;
| }
configure:17060: result: no
configure:17060: checking for sqrt
configure:17060: gcc -o conftest -O3 -fomit-frame-pointer -mtune=native -fstrict-aliasing -fno-schedule-insns   conftest.c  >&5
conftest.c:60:6: warning: conflicting types for built-in function 'sqrt'
 char sqrt ();
      ^
/tmp/ccJ4rolr.o: In function `main':
conftest.c:(.text.startup+0x7): undefined reference to `sqrt'
collect2: error: ld returned 1 exit status
configure:17060: $? = 1
configure: failed program was:
| /* confdefs.h */
| #define PACKAGE_NAME "Copter"
| #define PACKAGE_TARNAME "copter"
| #define PACKAGE_VERSION "0.8.7"
| #define PACKAGE_STRING "Copter 0.8.7"
| #define PACKAGE_BUGREPORT "jwgcarlson AT berkeley.edu"
| #define PACKAGE_URL ""
| #define PACKAGE "copter"
| #define VERSION "0.8.7"
| #define STDC_HEADERS 1
| #define HAVE_SYS_TYPES_H 1
| #define HAVE_SYS_STAT_H 1
| #define HAVE_STDLIB_H 1
| #define HAVE_STRING_H 1
| #define HAVE_MEMORY_H 1
| #define HAVE_STRINGS_H 1
| #define HAVE_INTTYPES_H 1
| #define HAVE_STDINT_H 1
| #define HAVE_UNISTD_H 1
| #define HAVE_DLFCN_H 1
| #define LT_OBJDIR ".libs/"
| #define HAVE_LIMITS_H 1
| #define HAVE_SYS_STAT_H 1
| #define HAVE_UNISTD_H 1
| #define HAVE__BOOL 1
| #define HAVE_STDBOOL_H 1
| #define STDC_HEADERS 1
| #define HAVE_PTRDIFF_T 1
| #define HAVE_STDLIB_H 1
| #define HAVE_MALLOC 1
| #define LSTAT_FOLLOWS_SLASHED_SYMLINK 1
| #define HAVE_VPRINTF 1
| #define HAVE_MEMSET 1
| #define HAVE_STRERROR 1
| #define HAVE_STRTOL 1
| /* end confdefs.h.  */
| /* Define sqrt to an innocuous variant, in case <limits.h> declares sqrt.
|    For example, HP-UX 11i <limits.h> declares gettimeofday.  */
| #define sqrt innocuous_sqrt
| 
| /* System header to define __stub macros and hopefully few prototypes,
|     which can conflict with char sqrt (); below.
|     Prefer <limits.h> to <assert.h> if __STDC__ is defined, since
|     <limits.h> exists even on freestanding compilers.  */
| 
| #ifdef __STDC__
| # include <limits.h>
| #else
| # include <assert.h>
| #endif
| 
| #undef sqrt
| 
| /* Override any GCC internal prototype to avoid an error.
|    Use char because int might match the return type of a GCC
|    builtin and then its argument prototype would still apply.  */
| #ifdef __cplusplus
| extern "C"
| #endif
| char sqrt ();
| /* The GNU C library defines this for functions which it implements
|     to always fail with ENOSYS.  Some functions are actually named
|     something starting with __ and the normal name is an alias.  */
| #if defined __stub_sqrt || defined __stub___sqrt
| choke me
| #endif
| 
| int
| main ()
| {
| return sqrt ();
|   ;
|   return 0;
| }
configure:17060: result: no
configure:17076: checking fftw3.h usability
configure:17076: gcc -c -O3 -fomit-frame-pointer -mtune=native -fstrict-aliasing -fno-schedule-insns  conftest.c >&5
configure:17076: $? = 0
configure:17076: result: yes
configure:17076: checking fftw3.h presence
configure:17076: gcc -E  conftest.c
configure:17076: $? = 0
configure:17076: result: yes
configure:17076: checking for fftw3.h
configure:17076: result: yes
configure:17082: checking for fftw_execute in -lfftw3
configure:17107: gcc -o conftest -O3 -fomit-frame-pointer -mtune=native -fstrict-aliasing -fno-schedule-insns   conftest.c -lfftw3   >&5
configure:17107: $? = 0
configure:17116: result: yes
configure:17137: checking for gcc option to support OpenMP
configure:17152: gcc -o conftest -O3 -fomit-frame-pointer -mtune=native -fstrict-aliasing -fno-schedule-insns   conftest.c -lfftw3  >&5
conftest.c:40:2: error: unknown type name 'choke'
  choke me
  ^
In file included from conftest.c:42:0:
/usr/lib/gcc/x86_64-linux-gnu/4.9/include/omp.h:34:1: error: expected '=', ',', ';', 'asm' or '__attribute__' before 'typedef'
 typedef struct
 ^
configure:17152: $? = 1
configure: failed program was:
| /* confdefs.h */
| #define PACKAGE_NAME "Copter"
| #define PACKAGE_TARNAME "copter"
| #define PACKAGE_VERSION "0.8.7"
| #define PACKAGE_STRING "Copter 0.8.7"
| #define PACKAGE_BUGREPORT "jwgcarlson AT berkeley.edu"
| #define PACKAGE_URL ""
| #define PACKAGE "copter"
| #define VERSION "0.8.7"
| #define STDC_HEADERS 1
| #define HAVE_SYS_TYPES_H 1
| #define HAVE_SYS_STAT_H 1
| #define HAVE_STDLIB_H 1
| #define HAVE_STRING_H 1
| #define HAVE_MEMORY_H 1
| #define HAVE_STRINGS_H 1
| #define HAVE_INTTYPES_H 1
| #define HAVE_STDINT_H 1
| #define HAVE_UNISTD_H 1
| #define HAVE_DLFCN_H 1
| #define LT_OBJDIR ".libs/"
| #define HAVE_LIMITS_H 1
| #define HAVE_SYS_STAT_H 1
| #define HAVE_UNISTD_H 1
| #define HAVE__BOOL 1
| #define HAVE_STDBOOL_H 1
| #define STDC_HEADERS 1
| #define HAVE_PTRDIFF_T 1
| #define HAVE_STDLIB_H 1
| #define HAVE_MALLOC 1
| #define LSTAT_FOLLOWS_SLASHED_SYMLINK 1
| #define HAVE_VPRINTF 1
| #define HAVE_MEMSET 1
| #define HAVE_STRERROR 1
| #define HAVE_STRTOL 1
| #define HAVE_LIBFFTW3 1
| /* end confdefs.h.  */
| 
| #ifndef _OPENMP
|  choke me
| #endif
| #include <omp.h>
| int main () { return omp_get_num_threads (); }
| 
configure:17169: gcc -o conftest -O3 -fomit-frame-pointer -mtune=native -fstrict-aliasing -fno-schedule-insns -fopenmp   conftest.c -lfftw3  >&5
configure:17169: $? = 0
configure:17183: result: -fopenmp
configure:18080: creating ./config.status

## ---------------------- ##
## Running config.status. ##
## ---------------------- ##

This file was extended by Copter config.status 0.8.7, which was
generated by GNU Autoconf 2.67.  Invocation command line was

  CONFIG_FILES    = 
  CONFIG_HEADERS  = 
  CONFIG_LINKS    = 
  CONFIG_COMMANDS = 
  $ ./config.status 

on pi213c

config.status:1194: creating Makefile
config.status:1194: creating data/Makefile
config.status:1194: creating doc/Makefile
config.status:1194: creating examples/Makefile
config.status:1194: creating python/Makefile
config.status:1194: creating src/Makefile
config.status:1194: creating tests/Makefile
config.status:1194: creating config.h
config.status:1422: executing depfiles commands
config.status:1422: executing libtool commands

## ---------------- ##
## Cache variables. ##
## ---------------- ##

ac_cv_build=x86_64-unknown-linux-gnu
ac_cv_c_compiler_gnu=yes
ac_cv_c_const=yes
ac_cv_c_inline=inline
ac_cv_c_int64_t=yes
ac_cv_c_volatile=yes
ac_cv_cxx_compiler_gnu=yes
ac_cv_env_CCC_set=
ac_cv_env_CCC_value=
ac_cv_env_CC_set=
ac_cv_env_CC_value=
ac_cv_env_CFLAGS_set=
ac_cv_env_CFLAGS_value=
ac_cv_env_CPPFLAGS_set=
ac_cv_env_CPPFLAGS_value=
ac_cv_env_CPP_set=
ac_cv_env_CPP_value=
ac_cv_env_CXXCPP_set=
ac_cv_env_CXXCPP_value=
ac_cv_env_CXXFLAGS_set=
ac_cv_env_CXXFLAGS_value=
ac_cv_env_CXX_set=
ac_cv_env_CXX_value=
ac_cv_env_LDFLAGS_set=
ac_cv_env_LDFLAGS_value=
ac_cv_env_LIBS_set=
ac_cv_env_LIBS_value=
ac_cv_env_PYTHON_VERSION_set=
ac_cv_env_PYTHON_VERSION_value=
ac_cv_env_build_alias_set=
ac_cv_env_build_alias_value=
ac_cv_env_host_alias_set=
ac_cv_env_host_alias_value=
ac_cv_env_target_alias_set=
ac_cv_env_target_alias_value=
ac_cv_func__doprnt=no
ac_cv_func_lstat_dereferences_slashed_symlink=yes
ac_cv_func_malloc_0_nonnull=yes
ac_cv_func_memset=yes
ac_cv_func_pow=no
ac_cv_func_sqrt=no
ac_cv_func_stat_empty_string_bug=no
ac_cv_func_strerror=yes
ac_cv_func_strtod=yes
ac_cv_func_strtol=yes
ac_cv_func_vprintf=yes
ac_cv_header_dlfcn_h=yes
ac_cv_header_fftw3_h=yes
ac_cv_header_inttypes_h=yes
ac_cv_header_limits_h=yes
ac_cv_header_memory_h=yes
ac_cv_header_stdbool_h=yes
ac_cv_header_stdc=yes
ac_cv_header_stdint_h=yes
ac_cv_header_stdlib_h=yes
ac_cv_header_string_h=yes
ac_cv_header_strings_h=yes
ac_cv_header_sys_stat_h=yes
ac_cv_header_sys_types_h=yes
ac_cv_header_unistd_h=yes
ac_cv_host=x86_64-unknown-linux-gnu
ac_cv_lib_fftw3_fftw_execute=yes
ac_cv_objext=o
ac_cv_path_EGREP='/bin/grep -E'
ac_cv_path_FGREP='/bin/grep -F'
ac_cv_path_GREP=/bin/grep
ac_cv_path_SED=/bin/sed
ac_cv_path_install='/usr/bin/install -c'
ac_cv_path_mkdir=/bin/mkdir
ac_cv_prog_AWK=gawk
ac_cv_prog_CPP='gcc -E'
ac_cv_prog_CXXCPP='g++ -E'
ac_cv_prog_ac_ct_AR=ar
ac_cv_prog_ac_ct_CC=gcc
ac_cv_prog_ac_ct_CXX=g++
ac_cv_prog_ac_ct_MANIFEST_TOOL=mt
ac_cv_prog_ac_ct_OBJDUMP=objdump
ac_cv_prog_ac_ct_RANLIB=ranlib
ac_cv_prog_ac_ct_STRIP=strip
ac_cv_prog_c_openmp=-fopenmp
ac_cv_prog_cc_c89=
ac_cv_prog_cc_g=yes
ac_cv_prog_cxx_g=yes
ac_cv_prog_make_make_set=yes
ac_cv_type__Bool=yes
ac_cv_type_ptrdiff_t=yes
ac_cv_type_size_t=yes
am_cv_CC_dependencies_compiler_type=gcc3
am_cv_CXX_dependencies_compiler_type=gcc3
ax_cv_c_compiler_vendor=gnu
ax_cv_c_flags__O3__fomit_frame_pointer__mtune_native__fstrict_aliasing__fno_schedule_insns=yes
ax_cv_c_flags__fno_schedule_insns=yes
ax_cv_c_flags__fstrict_aliasing=yes
ax_cv_c_flags__mtune_native=yes
lt_cv_ar_at_file=@
lt_cv_archive_cmds_need_lc=no
lt_cv_deplibs_check_method=pass_all
lt_cv_file_magic_cmd='$MAGIC_CMD'
lt_cv_file_magic_test_file=
lt_cv_ld_reload_flag=-r
lt_cv_nm_interface='BSD nm'
lt_cv_objdir=.libs
lt_cv_path_LD=/usr/bin/ld
lt_cv_path_LDCXX='/usr/bin/ld -m elf_x86_64'
lt_cv_path_NM='/usr/bin/nm -B'
lt_cv_path_mainfest_tool=no
lt_cv_prog_compiler_c_o=yes
lt_cv_prog_compiler_c_o_CXX=yes
lt_cv_prog_compiler_pic='-fPIC -DPIC'
lt_cv_prog_compiler_pic_CXX='-fPIC -DPIC'
lt_cv_prog_compiler_pic_works=yes
lt_cv_prog_compiler_pic_works_CXX=yes
lt_cv_prog_compiler_rtti_exceptions=no
lt_cv_prog_compiler_static_works=yes
lt_cv_prog_compiler_static_works_CXX=yes
lt_cv_prog_gnu_ld=yes
lt_cv_prog_gnu_ldcxx=yes
lt_cv_sharedlib_from_linklib_cmd='printf %s\n'
lt_cv_shlibpath_overrides_runpath=no
lt_cv_sys_global_symbol_pipe='sed -n -e '\''s/^.*[	 ]\([ABCDGIRSTW][ABCDGIRSTW]*\)[	 ][	 ]*\([_A-Za-z][_A-Za-z0-9]*\)$/\1 \2 \2/p'\'' | sed '\''/ __gnu_lto/d'\'''
lt_cv_sys_global_symbol_to_c_name_address='sed -n -e '\''s/^: \([^ ]*\)[ ]*$/  {\"\1\", (void *) 0},/p'\'' -e '\''s/^[ABCDGIRSTW]* \([^ ]*\) \([^ ]*\)$/  {"\2", (void *) \&\2},/p'\'''
lt_cv_sys_global_symbol_to_c_name_address_lib_prefix='sed -n -e '\''s/^: \([^ ]*\)[ ]*$/  {\"\1\", (void *) 0},/p'\'' -e '\''s/^[ABCDGIRSTW]* \([^ ]*\) \(lib[^ ]*\)$/  {"\2", (void *) \&\2},/p'\'' -e '\''s/^[ABCDGIRSTW]* \([^ ]*\) \([^ ]*\)$/  {"lib\2", (void *) \&\2},/p'\'''
lt_cv_sys_global_symbol_to_cdecl='sed -n -e '\''s/^T .* \(.*\)$/extern int \1();/p'\'' -e '\''s/^[ABCDGIRSTW]* .* \(.*\)$/extern char \1;/p'\'''
lt_cv_sys_max_cmd_len=1572864
lt_cv_to_host_file_cmd=func_convert_file_noop
lt_cv_to_tool_file_cmd=func_convert_file_noop

## ----------------- ##
## Output variables. ##
## ----------------- ##

ACLOCAL='${SHELL} /remote/pi213c/casas/EFTCAMB/cosmomathica-tests/cosmomathica/ext/copter-0.8.7/missing --run aclocal-1.11'
AMDEPBACKSLASH='\'
AMDEP_FALSE='#'
AMDEP_TRUE=''
AMTAR='${SHELL} /remote/pi213c/casas/EFTCAMB/cosmomathica-tests/cosmomathica/ext/copter-0.8.7/missing --run tar'
AR='ar'
AUTOCONF='${SHELL} /remote/pi213c/casas/EFTCAMB/cosmomathica-tests/cosmomathica/ext/copter-0.8.7/missing --run autoconf'
AUTOHEADER='${SHELL} /remote/pi213c/casas/EFTCAMB/cosmomathica-tests/cosmomathica/ext/copter-0.8.7/missing --run autoheader'
AUTOMAKE='${SHELL} /remote/pi213c/casas/EFTCAMB/cosmomathica-tests/cosmomathica/ext/copter-0.8.7/missing --run automake-1.11'
AWK='gawk'
CC='gcc'
CCDEPMODE='depmode=gcc3'
CFLAGS='-O3 -fomit-frame-pointer -mtune=native -fstrict-aliasing -fno-schedule-insns'
CPP='gcc -E'
CPPFLAGS=''
CXX='g++'
CXXCPP='g++ -E'
CXXDEPMODE='depmode=gcc3'
CXXFLAGS='-O3 -fomit-frame-pointer -mtune=native -fstrict-aliasing -fno-schedule-insns'
CYGPATH_W='echo'
DEFS='-DHAVE_CONFIG_H'
DEPDIR='.deps'
DLLTOOL='false'
DSYMUTIL=''
DUMPBIN=''
ECHO_C=''
ECHO_N='-n'
ECHO_T=''
EGREP='/bin/grep -E'
EXEEXT=''
FGREP='/bin/grep -F'
GREP='/bin/grep'
INSTALL_DATA='${INSTALL} -m 644'
INSTALL_PROGRAM='${INSTALL}'
INSTALL_SCRIPT='${INSTALL}'
INSTALL_STRIP_PROGRAM='$(install_sh) -c -s'
LD='/usr/bin/ld -m elf_x86_64'
LDFLAGS=''
LIBOBJS=''
LIBS='-lfftw3 '
LIBTOOL='$(SHELL) $(top_builddir)/libtool'
LIPO=''
LN_S='ln -s'
LTLIBOBJS=''
MAINT='#'
MAINTAINER_MODE_FALSE=''
MAINTAINER_MODE_TRUE='#'
MAKEINFO='${SHELL} /remote/pi213c/casas/EFTCAMB/cosmomathica-tests/cosmomathica/ext/copter-0.8.7/missing --run makeinfo'
MANIFEST_TOOL=':'
MKDIR_P='/bin/mkdir -p'
NM='/usr/bin/nm -B'
NMEDIT=''
OBJDUMP='objdump'
OBJEXT='o'
OPENMP_CFLAGS='-fopenmp'
OTOOL64=''
OTOOL=''
PACKAGE='copter'
PACKAGE_BUGREPORT='jwgcarlson AT berkeley.edu'
PACKAGE_NAME='Copter'
PACKAGE_STRING='Copter 0.8.7'
PACKAGE_TARNAME='copter'
PACKAGE_URL=''
PACKAGE_VERSION='0.8.7'
PATH_SEPARATOR=':'
POW_LIB=''
PYCOPTER_PY=''
PYTHON=''
PYTHON_CPPFLAGS=''
PYTHON_EXEC_PREFIX=''
PYTHON_EXTRA_LDFLAGS=''
PYTHON_EXTRA_LIBS=''
PYTHON_LDFLAGS=''
PYTHON_PLATFORM=''
PYTHON_PREFIX=''
PYTHON_SITE_PKG=''
PYTHON_VERSION=''
RANLIB='ranlib'
SED='/bin/sed'
SET_MAKE=''
SHELL='/bin/bash'
STRIP='strip'
SWIG=''
SWIG_LIB=''
SWIG_PYTHON_CPPFLAGS=''
SWIG_PYTHON_OPT=''
VERSION='0.8.7'
_PYCOPTER_LA=''
ac_ct_AR='ar'
ac_ct_CC='gcc'
ac_ct_CXX='g++'
ac_ct_DUMPBIN=''
am__EXEEXT_FALSE=''
am__EXEEXT_TRUE='#'
am__fastdepCC_FALSE='#'
am__fastdepCC_TRUE=''
am__fastdepCXX_FALSE='#'
am__fastdepCXX_TRUE=''
am__include='include'
am__isrc=''
am__leading_dot='.'
am__quote=''
am__tar='${AMTAR} chof - "$$tardir"'
am__untar='${AMTAR} xf -'
bindir='${exec_prefix}/bin'
build='x86_64-unknown-linux-gnu'
build_alias=''
build_cpu='x86_64'
build_os='linux-gnu'
build_vendor='unknown'
datadir='${datarootdir}'
datarootdir='${prefix}/share'
docdir='${datarootdir}/doc/${PACKAGE_TARNAME}'
dvidir='${docdir}'
exec_prefix='${prefix}'
host='x86_64-unknown-linux-gnu'
host_alias=''
host_cpu='x86_64'
host_os='linux-gnu'
host_vendor='unknown'
htmldir='${docdir}'
includedir='${prefix}/include'
infodir='${datarootdir}/info'
install_sh='${SHELL} /remote/pi213c/casas/EFTCAMB/cosmomathica-tests/cosmomathica/ext/copter-0.8.7/install-sh'
libdir='${exec_prefix}/lib'
libexecdir='${exec_prefix}/libexec'
localedir='${datarootdir}/locale'
localstatedir='${prefix}/var'
mandir='${datarootdir}/man'
mkdir_p='/bin/mkdir -p'
oldincludedir='/usr/include'
pdfdir='${docdir}'
pkgpyexecdir=''
pkgpythondir=''
prefix='/remote/pi213c/casas/EFTCAMB/cosmomathica-tests/cosmomathica/ext/copter-0.8.7'
program_transform_name='s,x,x,'
psdir='${docdir}'
pyexecdir=''
pythondir=''
sbindir='${exec_prefix}/sbin'
sharedstatedir='${prefix}/com'
sysconfdir='${prefix}/etc'
target_alias=''

## ----------- ##
## confdefs.h. ##
## ----------- ##

/* confdefs.h */
#define PACKAGE_NAME "Copter"
#define PACKAGE_TARNAME "copter"
#define PACKAGE_VERSION "0.8.7"
#define PACKAGE_STRING "Copter 0.8.7"
#define PACKAGE_BUGREPORT "jwgcarlson AT berkeley.edu"
#define PACKAGE_URL ""
#define PACKAGE "copter"
#define VERSION "0.8.7"
#define STDC_HEADERS 1
#define HAVE_SYS_TYPES_H 1
#define HAVE_SYS_STAT_H 1
#define HAVE_STDLIB_H 1
#define HAVE_STRING_H 1
#define HAVE_MEMORY_H 1
#define HAVE_STRINGS_H 1
#define HAVE_INTTYPES_H 1
#define HAVE_STDINT_H 1
#define HAVE_UNISTD_H 1
#define HAVE_DLFCN_H 1
#define LT_OBJDIR ".libs/"
#define HAVE_LIMITS_H 1
#define HAVE_SYS_STAT_H 1
#define HAVE_UNISTD_H 1
#define HAVE__BOOL 1
#define HAVE_STDBOOL_H 1
#define STDC_HEADERS 1
#define HAVE_PTRDIFF_T 1
#define HAVE_STDLIB_H 1
#define HAVE_MALLOC 1
#define LSTAT_FOLLOWS_SLASHED_SYMLINK 1
#define HAVE_VPRINTF 1
#define HAVE_MEMSET 1
#define HAVE_STRERROR 1
#define HAVE_STRTOL 1
#define HAVE_LIBFFTW3 1

configure: exit 0
